# JRE version: Java(TM) SE Runtime Environment (8.0_51-b16) (build 1.8.0_51-b16)
# Java VM: Java HotSpot(TM) 64-Bit Server VM (25.51-b03 mixed mode windows-amd64 compressed oops)
Heap:
 PSYoungGen      total 53248K, used 1209K [0x00000000d6300000, 0x00000000da080000, 0x0000000100000000)
  eden space 50688K, 2% used [0x00000000d6300000,0x00000000d63fe728,0x00000000d9480000)
  from space 2560K, 7% used [0x00000000d9b80000,0x00000000d9bb0000,0x00000000d9e00000)
  to   space 2560K, 0% used [0x00000000d9e00000,0x00000000d9e00000,0x00000000da080000)
 ParOldGen       total 86016K, used 1337K [0x0000000082800000, 0x0000000087c00000, 0x00000000d6300000)
  object space 86016K, 1% used [0x0000000082800000,0x000000008294e4b8,0x0000000087c00000)
 Metaspace       used 6485K, capacity 6568K, committed 6784K, reserved 1056768K
  class space    used 776K, capacity 784K, committed 896K, reserved 1048576K
GC Heap History (10 events):
Event: 3.166 GC heap before
{Heap before GC invocations=9 (full 0):
 PSYoungGen      total 58880K, used 58656K [0x00000000d6300000, 0x00000000da480000, 0x0000000100000000)
  eden space 58368K, 100% used [0x00000000d6300000,0x00000000d9c00000,0x00000000d9c00000)
  from space 512K, 56% used [0x00000000da400000,0x00000000da448000,0x00000000da480000)
  to   space 2560K, 0% used [0x00000000d9f80000,0x00000000d9f80000,0x00000000da200000)
 ParOldGen       total 86016K, used 1257K [0x0000000082800000, 0x0000000087c00000, 0x00000000d6300000)
  object space 86016K, 1% used [0x0000000082800000,0x000000008293a4b8,0x0000000087c00000)
 Metaspace       used 6485K, capacity 6568K, committed 6784K, reserved 1056768K
  class space    used 776K, capacity 784K, committed 896K, reserved 1048576K
Event: 3.168 GC heap after
Heap after GC invocations=9 (full 0):
 PSYoungGen      total 59392K, used 256K [0x00000000d6300000, 0x00000000da480000, 0x0000000100000000)
  eden space 56832K, 0% used [0x00000000d6300000,0x00000000d6300000,0x00000000d9a80000)
  from space 2560K, 10% used [0x00000000d9f80000,0x00000000d9fc0000,0x00000000da200000)
  to   space 2560K, 0% used [0x00000000da200000,0x00000000da200000,0x00000000da480000)
 ParOldGen       total 86016K, used 1273K [0x0000000082800000, 0x0000000087c00000, 0x00000000d6300000)
  object space 86016K, 1% used [0x0000000082800000,0x000000008293e4b8,0x0000000087c00000)
 Metaspace       used 6485K, capacity 6568K, committed 6784K, reserved 1056768K
  class space    used 776K, capacity 784K, committed 896K, reserved 1048576K
}
Event: 3.521 GC heap before
{Heap before GC invocations=10 (full 0):
 PSYoungGen      total 59392K, used 57088K [0x00000000d6300000, 0x00000000da480000, 0x0000000100000000)
  eden space 56832K, 100% used [0x00000000d6300000,0x00000000d9a80000,0x00000000d9a80000)
  from space 2560K, 10% used [0x00000000d9f80000,0x00000000d9fc0000,0x00000000da200000)
  to   space 2560K, 0% used [0x00000000da200000,0x00000000da200000,0x00000000da480000)
 ParOldGen       total 86016K, used 1273K [0x0000000082800000, 0x0000000087c00000, 0x00000000d6300000)
  object space 86016K, 1% used [0x0000000082800000,0x000000008293e4b8,0x0000000087c00000)
 Metaspace       used 6485K, capacity 6568K, committed 6784K, reserved 1056768K
  class space    used 776K, capacity 784K, committed 896K, reserved 1048576K
Event: 3.523 GC heap after
Heap after GC invocations=10 (full 0):
 PSYoungGen      total 55808K, used 224K [0x00000000d6300000, 0x00000000da280000, 0x0000000100000000)
  eden space 55296K, 0% used [0x00000000d6300000,0x00000000d6300000,0x00000000d9900000)
  from space 512K, 43% used [0x00000000da200000,0x00000000da238000,0x00000000da280000)
  to   space 2560K, 0% used [0x00000000d9d80000,0x00000000d9d80000,0x00000000da000000)
 ParOldGen       total 86016K, used 1297K [0x0000000082800000, 0x0000000087c00000, 0x00000000d6300000)
  object space 86016K, 1% used [0x0000000082800000,0x00000000829444b8,0x0000000087c00000)
 Metaspace       used 6485K, capacity 6568K, committed 6784K, reserved 1056768K
  class space    used 776K, capacity 784K, committed 896K, reserved 1048576K
}
Event: 3.863 GC heap before
{Heap before GC invocations=11 (full 0):
 PSYoungGen      total 55808K, used 55520K [0x00000000d6300000, 0x00000000da280000, 0x0000000100000000)
  eden space 55296K, 100% used [0x00000000d6300000,0x00000000d9900000,0x00000000d9900000)
  from space 512K, 43% used [0x00000000da200000,0x00000000da238000,0x00000000da280000)
  to   space 2560K, 0% used [0x00000000d9d80000,0x00000000d9d80000,0x00000000da000000)
 ParOldGen       total 86016K, used 1297K [0x0000000082800000, 0x0000000087c00000, 0x00000000d6300000)
  object space 86016K, 1% used [0x0000000082800000,0x00000000829444b8,0x0000000087c00000)
 Metaspace       used 6485K, capacity 6568K, committed 6784K, reserved 1056768K
  class space    used 776K, capacity 784K, committed 896K, reserved 1048576K
Event: 3.866 GC heap after
Heap after GC invocations=11 (full 0):
 PSYoungGen      total 56320K, used 224K [0x00000000d6300000, 0x00000000da280000, 0x0000000100000000)
  eden space 53760K, 0% used [0x00000000d6300000,0x00000000d6300000,0x00000000d9780000)
  from space 2560K, 8% used [0x00000000d9d80000,0x00000000d9db8000,0x00000000da000000)
  to   space 2560K, 0% used [0x00000000da000000,0x00000000da000000,0x00000000da280000)
 ParOldGen       total 86016K, used 1313K [0x0000000082800000, 0x0000000087c00000, 0x00000000d6300000)
  object space 86016K, 1% used [0x0000000082800000,0x00000000829484b8,0x0000000087c00000)
 Metaspace       used 6485K, capacity 6568K, committed 6784K, reserved 1056768K
  class space    used 776K, capacity 784K, committed 896K, reserved 1048576K
}
Event: 4.247 GC heap before
{Heap before GC invocations=12 (full 0):
 PSYoungGen      total 56320K, used 53984K [0x00000000d6300000, 0x00000000da280000, 0x0000000100000000)
  eden space 53760K, 100% used [0x00000000d6300000,0x00000000d9780000,0x00000000d9780000)
  from space 2560K, 8% used [0x00000000d9d80000,0x00000000d9db8000,0x00000000da000000)
  to   space 2560K, 0% used [0x00000000da000000,0x00000000da000000,0x00000000da280000)
 ParOldGen       total 86016K, used 1313K [0x0000000082800000, 0x0000000087c00000, 0x00000000d6300000)
  object space 86016K, 1% used [0x0000000082800000,0x00000000829484b8,0x0000000087c00000)
 Metaspace       used 6485K, capacity 6568K, committed 6784K, reserved 1056768K
  class space    used 776K, capacity 784K, committed 896K, reserved 1048576K
Event: 4.248 GC heap after
Heap after GC invocations=12 (full 0):
 PSYoungGen      total 52736K, used 224K [0x00000000d6300000, 0x00000000da080000, 0x0000000100000000)
  eden space 52224K, 0% used [0x00000000d6300000,0x00000000d6300000,0x00000000d9600000)
  from space 512K, 43% used [0x00000000da000000,0x00000000da038000,0x00000000da080000)
  to   space 2560K, 0% used [0x00000000d9b80000,0x00000000d9b80000,0x00000000d9e00000)
 ParOldGen       total 86016K, used 1329K [0x0000000082800000, 0x0000000087c00000, 0x00000000d6300000)
  object space 86016K, 1% used [0x0000000082800000,0x000000008294c4b8,0x0000000087c00000)
 Metaspace       used 6485K, capacity 6568K, committed 6784K, reserved 1056768K
  class space    used 776K, capacity 784K, committed 896K, reserved 1048576K
}
Event: 4.635 GC heap before
{Heap before GC invocations=13 (full 0):
 PSYoungGen      total 52736K, used 52448K [0x00000000d6300000, 0x00000000da080000, 0x0000000100000000)
  eden space 52224K, 100% used [0x00000000d6300000,0x00000000d9600000,0x00000000d9600000)
  from space 512K, 43% used [0x00000000da000000,0x00000000da038000,0x00000000da080000)
  to   space 2560K, 0% used [0x00000000d9b80000,0x00000000d9b80000,0x00000000d9e00000)
 ParOldGen       total 86016K, used 1329K [0x0000000082800000, 0x0000000087c00000, 0x00000000d6300000)
  object space 86016K, 1% used [0x0000000082800000,0x000000008294c4b8,0x0000000087c00000)
 Metaspace       used 6485K, capacity 6568K, committed 6784K, reserved 1056768K
  class space    used 776K, capacity 784K, committed 896K, reserved 1048576K
Event: 4.638 GC heap after
Heap after GC invocations=13 (full 0):
 PSYoungGen      total 53248K, used 192K [0x00000000d6300000, 0x00000000da080000, 0x0000000100000000)
  eden space 50688K, 0% used [0x00000000d6300000,0x00000000d6300000,0x00000000d9480000)
  from space 2560K, 7% used [0x00000000d9b80000,0x00000000d9bb0000,0x00000000d9e00000)
  to   space 2560K, 0% used [0x00000000d9e00000,0x00000000d9e00000,0x00000000da080000)
 ParOldGen       total 86016K, used 1337K [0x0000000082800000, 0x0000000087c00000, 0x00000000d6300000)
  object space 86016K, 1% used [0x0000000082800000,0x000000008294e4b8,0x0000000087c00000)
 Metaspace       used 6485K, capacity 6568K, committed 6784K, reserved 1056768K
  class space    used 776K, capacity 784K, committed 896K, reserved 1048576K
}

