# JRE version: Java(TM) SE Runtime Environment (8.0_51-b16) (build 1.8.0_51-b16)
# Java VM: Java HotSpot(TM) 64-Bit Server VM (25.51-b03 mixed mode windows-amd64 compressed oops)
Heap:
 PSYoungGen      total 681984K, used 21929K [0x00000000d6300000, 0x0000000100000000, 0x0000000100000000)
  eden space 678912K, 3% used [0x00000000d6300000,0x00000000d7784c08,0x00000000ffa00000)
  from space 3072K, 29% used [0x00000000ffa00000,0x00000000ffae5ad0,0x00000000ffd00000)
  to   space 3072K, 0% used [0x00000000ffd00000,0x00000000ffd00000,0x0000000100000000)
 ParOldGen       total 86016K, used 6054K [0x0000000082800000, 0x0000000087c00000, 0x00000000d6300000)
  object space 86016K, 7% used [0x0000000082800000,0x0000000082de9900,0x0000000087c00000)
 Metaspace       used 6356K, capacity 6440K, committed 6784K, reserved 1056768K
  class space    used 773K, capacity 784K, committed 896K, reserved 1048576K
GC Heap History (10 events):
Event: 1.728 GC heap before
{Heap before GC invocations=17 (full 0):
 PSYoungGen      total 681984K, used 679342K [0x00000000d6300000, 0x0000000100000000, 0x0000000100000000)
  eden space 678912K, 100% used [0x00000000d6300000,0x00000000ffa00000,0x00000000ffa00000)
  from space 3072K, 14% used [0x00000000ffd00000,0x00000000ffd6b8c8,0x0000000100000000)
  to   space 3072K, 0% used [0x00000000ffa00000,0x00000000ffa00000,0x00000000ffd00000)
 ParOldGen       total 86016K, used 4316K [0x0000000082800000, 0x0000000087c00000, 0x00000000d6300000)
  object space 86016K, 5% used [0x0000000082800000,0x0000000082c37230,0x0000000087c00000)
 Metaspace       used 6353K, capacity 6440K, committed 6784K, reserved 1056768K
  class space    used 773K, capacity 784K, committed 896K, reserved 1048576K
Event: 1.730 GC heap after
Heap after GC invocations=17 (full 0):
 PSYoungGen      total 681984K, used 1496K [0x00000000d6300000, 0x0000000100000000, 0x0000000100000000)
  eden space 678912K, 0% used [0x00000000d6300000,0x00000000d6300000,0x00000000ffa00000)
  from space 3072K, 48% used [0x00000000ffa00000,0x00000000ffb761a0,0x00000000ffd00000)
  to   space 3072K, 0% used [0x00000000ffd00000,0x00000000ffd00000,0x0000000100000000)
 ParOldGen       total 86016K, used 4316K [0x0000000082800000, 0x0000000087c00000, 0x00000000d6300000)
  object space 86016K, 5% used [0x0000000082800000,0x0000000082c37230,0x0000000087c00000)
 Metaspace       used 6353K, capacity 6440K, committed 6784K, reserved 1056768K
  class space    used 773K, capacity 784K, committed 896K, reserved 1048576K
}
Event: 1.971 GC heap before
{Heap before GC invocations=18 (full 0):
 PSYoungGen      total 681984K, used 680194K [0x00000000d6300000, 0x0000000100000000, 0x0000000100000000)
  eden space 678912K, 99% used [0x00000000d6300000,0x00000000ff9ca6d0,0x00000000ffa00000)
  from space 3072K, 48% used [0x00000000ffa00000,0x00000000ffb761a0,0x00000000ffd00000)
  to   space 3072K, 0% used [0x00000000ffd00000,0x00000000ffd00000,0x0000000100000000)
 ParOldGen       total 86016K, used 4316K [0x0000000082800000, 0x0000000087c00000, 0x00000000d6300000)
  object space 86016K, 5% used [0x0000000082800000,0x0000000082c37230,0x0000000087c00000)
 Metaspace       used 6353K, capacity 6440K, committed 6784K, reserved 1056768K
  class space    used 773K, capacity 784K, committed 896K, reserved 1048576K
Event: 1.974 GC heap after
Heap after GC invocations=18 (full 0):
 PSYoungGen      total 681984K, used 487K [0x00000000d6300000, 0x0000000100000000, 0x0000000100000000)
  eden space 678912K, 0% used [0x00000000d6300000,0x00000000d6300000,0x00000000ffa00000)
  from space 3072K, 15% used [0x00000000ffd00000,0x00000000ffd79f38,0x0000000100000000)
  to   space 3072K, 0% used [0x00000000ffa00000,0x00000000ffa00000,0x00000000ffd00000)
 ParOldGen       total 86016K, used 5409K [0x0000000082800000, 0x0000000087c00000, 0x00000000d6300000)
  object space 86016K, 6% used [0x0000000082800000,0x0000000082d485a8,0x0000000087c00000)
 Metaspace       used 6353K, capacity 6440K, committed 6784K, reserved 1056768K
  class space    used 773K, capacity 784K, committed 896K, reserved 1048576K
}
Event: 2.101 GC heap before
{Heap before GC invocations=19 (full 0):
 PSYoungGen      total 681984K, used 679146K [0x00000000d6300000, 0x0000000100000000, 0x0000000100000000)
  eden space 678912K, 99% used [0x00000000d6300000,0x00000000ff9c0aa0,0x00000000ffa00000)
  from space 3072K, 15% used [0x00000000ffd00000,0x00000000ffd79f38,0x0000000100000000)
  to   space 3072K, 0% used [0x00000000ffa00000,0x00000000ffa00000,0x00000000ffd00000)
 ParOldGen       total 86016K, used 5409K [0x0000000082800000, 0x0000000087c00000, 0x00000000d6300000)
  object space 86016K, 6% used [0x0000000082800000,0x0000000082d485a8,0x0000000087c00000)
 Metaspace       used 6353K, capacity 6440K, committed 6784K, reserved 1056768K
  class space    used 773K, capacity 784K, committed 896K, reserved 1048576K
Event: 2.101 GC heap after
Heap after GC invocations=19 (full 0):
 PSYoungGen      total 681984K, used 417K [0x00000000d6300000, 0x0000000100000000, 0x0000000100000000)
  eden space 678912K, 0% used [0x00000000d6300000,0x00000000d6300000,0x00000000ffa00000)
  from space 3072K, 13% used [0x00000000ffa00000,0x00000000ffa687d0,0x00000000ffd00000)
  to   space 3072K, 0% used [0x00000000ffd00000,0x00000000ffd00000,0x0000000100000000)
 ParOldGen       total 86016K, used 5425K [0x0000000082800000, 0x0000000087c00000, 0x00000000d6300000)
  object space 86016K, 6% used [0x0000000082800000,0x0000000082d4c5a8,0x0000000087c00000)
 Metaspace       used 6353K, capacity 6440K, committed 6784K, reserved 1056768K
  class space    used 773K, capacity 784K, committed 896K, reserved 1048576K
}
Event: 2.241 GC heap before
{Heap before GC invocations=20 (full 0):
 PSYoungGen      total 681984K, used 679329K [0x00000000d6300000, 0x0000000100000000, 0x0000000100000000)
  eden space 678912K, 100% used [0x00000000d6300000,0x00000000ffa00000,0x00000000ffa00000)
  from space 3072K, 13% used [0x00000000ffa00000,0x00000000ffa687d0,0x00000000ffd00000)
  to   space 3072K, 0% used [0x00000000ffd00000,0x00000000ffd00000,0x0000000100000000)
 ParOldGen       total 86016K, used 5425K [0x0000000082800000, 0x0000000087c00000, 0x00000000d6300000)
  object space 86016K, 6% used [0x0000000082800000,0x0000000082d4c5a8,0x0000000087c00000)
 Metaspace       used 6356K, capacity 6440K, committed 6784K, reserved 1056768K
  class space    used 773K, capacity 784K, committed 896K, reserved 1048576K
Event: 2.242 GC heap after
Heap after GC invocations=20 (full 0):
 PSYoungGen      total 681984K, used 715K [0x00000000d6300000, 0x0000000100000000, 0x0000000100000000)
  eden space 678912K, 0% used [0x00000000d6300000,0x00000000d6300000,0x00000000ffa00000)
  from space 3072K, 23% used [0x00000000ffd00000,0x00000000ffdb2d78,0x0000000100000000)
  to   space 3072K, 0% used [0x00000000ffa00000,0x00000000ffa00000,0x00000000ffd00000)
 ParOldGen       total 86016K, used 5425K [0x0000000082800000, 0x0000000087c00000, 0x00000000d6300000)
  object space 86016K, 6% used [0x0000000082800000,0x0000000082d4c5a8,0x0000000087c00000)
 Metaspace       used 6356K, capacity 6440K, committed 6784K, reserved 1056768K
  class space    used 773K, capacity 784K, committed 896K, reserved 1048576K
}
Event: 2.457 GC heap before
{Heap before GC invocations=21 (full 0):
 PSYoungGen      total 681984K, used 679627K [0x00000000d6300000, 0x0000000100000000, 0x0000000100000000)
  eden space 678912K, 100% used [0x00000000d6300000,0x00000000ffa00000,0x00000000ffa00000)
  from space 3072K, 23% used [0x00000000ffd00000,0x00000000ffdb2d78,0x0000000100000000)
  to   space 3072K, 0% used [0x00000000ffa00000,0x00000000ffa00000,0x00000000ffd00000)
 ParOldGen       total 86016K, used 5425K [0x0000000082800000, 0x0000000087c00000, 0x00000000d6300000)
  object space 86016K, 6% used [0x0000000082800000,0x0000000082d4c5a8,0x0000000087c00000)
 Metaspace       used 6356K, capacity 6440K, committed 6784K, reserved 1056768K
  class space    used 773K, capacity 784K, committed 896K, reserved 1048576K
Event: 2.460 GC heap after
Heap after GC invocations=21 (full 0):
 PSYoungGen      total 681984K, used 918K [0x00000000d6300000, 0x0000000100000000, 0x0000000100000000)
  eden space 678912K, 0% used [0x00000000d6300000,0x00000000d6300000,0x00000000ffa00000)
  from space 3072K, 29% used [0x00000000ffa00000,0x00000000ffae5ad0,0x00000000ffd00000)
  to   space 3072K, 0% used [0x00000000ffd00000,0x00000000ffd00000,0x0000000100000000)
 ParOldGen       total 86016K, used 6054K [0x0000000082800000, 0x0000000087c00000, 0x00000000d6300000)
  object space 86016K, 7% used [0x0000000082800000,0x0000000082de9900,0x0000000087c00000)
 Metaspace       used 6356K, capacity 6440K, committed 6784K, reserved 1056768K
  class space    used 773K, capacity 784K, committed 896K, reserved 1048576K
}

