# JRE version: Java(TM) SE Runtime Environment (8.0_51-b16) (build 1.8.0_51-b16)
# Java VM: Java HotSpot(TM) 64-Bit Server VM (25.51-b03 mixed mode windows-amd64 compressed oops)
Heap:
 PSYoungGen      total 264704K, used 5735K [0x00000000d6300000, 0x00000000f0200000, 0x0000000100000000)
  eden space 262144K, 2% used [0x00000000d6300000,0x00000000d6821d38,0x00000000e6300000)
  from space 2560K, 18% used [0x00000000e6300000,0x00000000e6378000,0x00000000e6580000)
  to   space 2560K, 0% used [0x00000000eff80000,0x00000000eff80000,0x00000000f0200000)
 ParOldGen       total 86016K, used 1361K [0x0000000082800000, 0x0000000087c00000, 0x00000000d6300000)
  object space 86016K, 1% used [0x0000000082800000,0x0000000082954500,0x0000000087c00000)
 Metaspace       used 6593K, capacity 6728K, committed 7040K, reserved 1056768K
  class space    used 790K, capacity 816K, committed 896K, reserved 1048576K
GC Heap History (10 events):
Event: 0.906 GC heap before
{Heap before GC invocations=5 (full 0):
 PSYoungGen      total 70656K, used 66944K [0x00000000d6300000, 0x00000000dad00000, 0x0000000100000000)
  eden space 65536K, 100% used [0x00000000d6300000,0x00000000da300000,0x00000000da300000)
  from space 5120K, 27% used [0x00000000da800000,0x00000000da960020,0x00000000dad00000)
  to   space 5120K, 0% used [0x00000000da300000,0x00000000da300000,0x00000000da800000)
 ParOldGen       total 86016K, used 96K [0x0000000082800000, 0x0000000087c00000, 0x00000000d6300000)
  object space 86016K, 0% used [0x0000000082800000,0x0000000082818010,0x0000000087c00000)
 Metaspace       used 6569K, capacity 6664K, committed 6784K, reserved 1056768K
  class space    used 790K, capacity 816K, committed 896K, reserved 1048576K
Event: 0.908 GC heap after
Heap after GC invocations=5 (full 0):
 PSYoungGen      total 70656K, used 1504K [0x00000000d6300000, 0x00000000de800000, 0x0000000100000000)
  eden space 65536K, 0% used [0x00000000d6300000,0x00000000d6300000,0x00000000da300000)
  from space 5120K, 29% used [0x00000000da300000,0x00000000da478000,0x00000000da800000)
  to   space 2560K, 0% used [0x00000000de580000,0x00000000de580000,0x00000000de800000)
 ParOldGen       total 86016K, used 104K [0x0000000082800000, 0x0000000087c00000, 0x00000000d6300000)
  object space 86016K, 0% used [0x0000000082800000,0x000000008281a010,0x0000000087c00000)
 Metaspace       used 6569K, capacity 6664K, committed 6784K, reserved 1056768K
  class space    used 790K, capacity 816K, committed 896K, reserved 1048576K
}
Event: 0.990 GC heap before
{Heap before GC invocations=6 (full 0):
 PSYoungGen      total 70656K, used 67040K [0x00000000d6300000, 0x00000000de800000, 0x0000000100000000)
  eden space 65536K, 100% used [0x00000000d6300000,0x00000000da300000,0x00000000da300000)
  from space 5120K, 29% used [0x00000000da300000,0x00000000da478000,0x00000000da800000)
  to   space 2560K, 0% used [0x00000000de580000,0x00000000de580000,0x00000000de800000)
 ParOldGen       total 86016K, used 104K [0x0000000082800000, 0x0000000087c00000, 0x00000000d6300000)
  object space 86016K, 0% used [0x0000000082800000,0x000000008281a010,0x0000000087c00000)
 Metaspace       used 6577K, capacity 6664K, committed 6784K, reserved 1056768K
  class space    used 790K, capacity 816K, committed 896K, reserved 1048576K
Event: 0.993 GC heap after
Heap after GC invocations=6 (full 0):
 PSYoungGen      total 133632K, used 1456K [0x00000000d6300000, 0x00000000de800000, 0x0000000100000000)
  eden space 131072K, 0% used [0x00000000d6300000,0x00000000d6300000,0x00000000de300000)
  from space 2560K, 56% used [0x00000000de580000,0x00000000de6ec030,0x00000000de800000)
  to   space 2560K, 0% used [0x00000000de300000,0x00000000de300000,0x00000000de580000)
 ParOldGen       total 86016K, used 112K [0x0000000082800000, 0x0000000087c00000, 0x00000000d6300000)
  object space 86016K, 0% used [0x0000000082800000,0x000000008281c010,0x0000000087c00000)
 Metaspace       used 6577K, capacity 6664K, committed 6784K, reserved 1056768K
  class space    used 790K, capacity 816K, committed 896K, reserved 1048576K
}
Event: 1.142 GC heap before
{Heap before GC invocations=7 (full 0):
 PSYoungGen      total 133632K, used 132528K [0x00000000d6300000, 0x00000000de800000, 0x0000000100000000)
  eden space 131072K, 100% used [0x00000000d6300000,0x00000000de300000,0x00000000de300000)
  from space 2560K, 56% used [0x00000000de580000,0x00000000de6ec030,0x00000000de800000)
  to   space 2560K, 0% used [0x00000000de300000,0x00000000de300000,0x00000000de580000)
 ParOldGen       total 86016K, used 112K [0x0000000082800000, 0x0000000087c00000, 0x00000000d6300000)
  object space 86016K, 0% used [0x0000000082800000,0x000000008281c010,0x0000000087c00000)
 Metaspace       used 6587K, capacity 6728K, committed 7040K, reserved 1056768K
  class space    used 790K, capacity 816K, committed 896K, reserved 1048576K
Event: 1.145 GC heap after
Heap after GC invocations=7 (full 0):
 PSYoungGen      total 133632K, used 320K [0x00000000d6300000, 0x00000000e6800000, 0x0000000100000000)
  eden space 131072K, 0% used [0x00000000d6300000,0x00000000d6300000,0x00000000de300000)
  from space 2560K, 12% used [0x00000000de300000,0x00000000de350000,0x00000000de580000)
  to   space 2560K, 0% used [0x00000000e6580000,0x00000000e6580000,0x00000000e6800000)
 ParOldGen       total 86016K, used 1329K [0x0000000082800000, 0x0000000087c00000, 0x00000000d6300000)
  object space 86016K, 1% used [0x0000000082800000,0x000000008294c500,0x0000000087c00000)
 Metaspace       used 6587K, capacity 6728K, committed 7040K, reserved 1056768K
  class space    used 790K, capacity 816K, committed 896K, reserved 1048576K
}
Event: 1.262 GC heap before
{Heap before GC invocations=8 (full 0):
 PSYoungGen      total 133632K, used 131392K [0x00000000d6300000, 0x00000000e6800000, 0x0000000100000000)
  eden space 131072K, 100% used [0x00000000d6300000,0x00000000de300000,0x00000000de300000)
  from space 2560K, 12% used [0x00000000de300000,0x00000000de350000,0x00000000de580000)
  to   space 2560K, 0% used [0x00000000e6580000,0x00000000e6580000,0x00000000e6800000)
 ParOldGen       total 86016K, used 1329K [0x0000000082800000, 0x0000000087c00000, 0x00000000d6300000)
  object space 86016K, 1% used [0x0000000082800000,0x000000008294c500,0x0000000087c00000)
 Metaspace       used 6590K, capacity 6728K, committed 7040K, reserved 1056768K
  class space    used 790K, capacity 816K, committed 896K, reserved 1048576K
Event: 1.264 GC heap after
Heap after GC invocations=8 (full 0):
 PSYoungGen      total 264704K, used 384K [0x00000000d6300000, 0x00000000e6800000, 0x0000000100000000)
  eden space 262144K, 0% used [0x00000000d6300000,0x00000000d6300000,0x00000000e6300000)
  from space 2560K, 15% used [0x00000000e6580000,0x00000000e65e0000,0x00000000e6800000)
  to   space 2560K, 0% used [0x00000000e6300000,0x00000000e6300000,0x00000000e6580000)
 ParOldGen       total 86016K, used 1353K [0x0000000082800000, 0x0000000087c00000, 0x00000000d6300000)
  object space 86016K, 1% used [0x0000000082800000,0x0000000082952500,0x0000000087c00000)
 Metaspace       used 6590K, capacity 6728K, committed 7040K, reserved 1056768K
  class space    used 790K, capacity 816K, committed 896K, reserved 1048576K
}
Event: 1.539 GC heap before
{Heap before GC invocations=9 (full 0):
 PSYoungGen      total 264704K, used 262528K [0x00000000d6300000, 0x00000000e6800000, 0x0000000100000000)
  eden space 262144K, 100% used [0x00000000d6300000,0x00000000e6300000,0x00000000e6300000)
  from space 2560K, 15% used [0x00000000e6580000,0x00000000e65e0000,0x00000000e6800000)
  to   space 2560K, 0% used [0x00000000e6300000,0x00000000e6300000,0x00000000e6580000)
 ParOldGen       total 86016K, used 1353K [0x0000000082800000, 0x0000000087c00000, 0x00000000d6300000)
  object space 86016K, 1% used [0x0000000082800000,0x0000000082952500,0x0000000087c00000)
 Metaspace       used 6593K, capacity 6728K, committed 7040K, reserved 1056768K
  class space    used 790K, capacity 816K, committed 896K, reserved 1048576K
Event: 1.544 GC heap after
Heap after GC invocations=9 (full 0):
 PSYoungGen      total 264704K, used 480K [0x00000000d6300000, 0x00000000f0200000, 0x0000000100000000)
  eden space 262144K, 0% used [0x00000000d6300000,0x00000000d6300000,0x00000000e6300000)
  from space 2560K, 18% used [0x00000000e6300000,0x00000000e6378000,0x00000000e6580000)
  to   space 2560K, 0% used [0x00000000eff80000,0x00000000eff80000,0x00000000f0200000)
 ParOldGen       total 86016K, used 1361K [0x0000000082800000, 0x0000000087c00000, 0x00000000d6300000)
  object space 86016K, 1% used [0x0000000082800000,0x0000000082954500,0x0000000087c00000)
 Metaspace       used 6593K, capacity 6728K, committed 7040K, reserved 1056768K
  class space    used 790K, capacity 816K, committed 896K, reserved 1048576K
}

