# JRE version: Java(TM) SE Runtime Environment (8.0_51-b16) (build 1.8.0_51-b16)
# Java VM: Java HotSpot(TM) 64-Bit Server VM (25.51-b03 mixed mode windows-amd64 compressed oops)
Heap:
 PSYoungGen      total 672256K, used 21127K [0x00000000d6300000, 0x0000000100000000, 0x0000000100000000)
  eden space 670208K, 3% used [0x00000000d6300000,0x00000000d76cffd0,0x00000000ff180000)
  from space 2048K, 41% used [0x00000000ff180000,0x00000000ff252008,0x00000000ff380000)
  to   space 2048K, 0% used [0x00000000ffe00000,0x00000000ffe00000,0x0000000100000000)
 ParOldGen       total 86016K, used 10635K [0x0000000082800000, 0x0000000087c00000, 0x00000000d6300000)
  object space 86016K, 12% used [0x0000000082800000,0x0000000083262fd8,0x0000000087c00000)
 Metaspace       used 6377K, capacity 6440K, committed 6784K, reserved 1056768K
  class space    used 773K, capacity 784K, committed 896K, reserved 1048576K
GC Heap History (10 events):
Event: 4.549 GC heap before
{Heap before GC invocations=33 (full 0):
 PSYoungGen      total 485376K, used 484864K [0x00000000d6300000, 0x00000000ff800000, 0x0000000100000000)
  eden space 483840K, 100% used [0x00000000d6300000,0x00000000f3b80000,0x00000000f3b80000)
  from space 1536K, 66% used [0x00000000ff680000,0x00000000ff7801b0,0x00000000ff800000)
  to   space 2560K, 0% used [0x00000000ff300000,0x00000000ff300000,0x00000000ff580000)
 ParOldGen       total 86016K, used 8810K [0x0000000082800000, 0x0000000087c00000, 0x00000000d6300000)
  object space 86016K, 10% used [0x0000000082800000,0x000000008309a908,0x0000000087c00000)
 Metaspace       used 6377K, capacity 6440K, committed 6784K, reserved 1056768K
  class space    used 773K, capacity 784K, committed 896K, reserved 1048576K
Event: 4.551 GC heap after
Heap after GC invocations=33 (full 0):
 PSYoungGen      total 606208K, used 560K [0x00000000d6300000, 0x00000000ff700000, 0x0000000100000000)
  eden space 605184K, 0% used [0x00000000d6300000,0x00000000d6300000,0x00000000fb200000)
  from space 1024K, 54% used [0x00000000ff300000,0x00000000ff38c2d8,0x00000000ff400000)
  to   space 2048K, 0% used [0x00000000ff500000,0x00000000ff500000,0x00000000ff700000)
 ParOldGen       total 86016K, used 9639K [0x0000000082800000, 0x0000000087c00000, 0x00000000d6300000)
  object space 86016K, 11% used [0x0000000082800000,0x0000000083169c70,0x0000000087c00000)
 Metaspace       used 6377K, capacity 6440K, committed 6784K, reserved 1056768K
  class space    used 773K, capacity 784K, committed 896K, reserved 1048576K
}
Event: 4.761 GC heap before
{Heap before GC invocations=34 (full 0):
 PSYoungGen      total 606208K, used 605674K [0x00000000d6300000, 0x00000000ff700000, 0x0000000100000000)
  eden space 605184K, 99% used [0x00000000d6300000,0x00000000fb1ee7e8,0x00000000fb200000)
  from space 1024K, 54% used [0x00000000ff300000,0x00000000ff38c2d8,0x00000000ff400000)
  to   space 2048K, 0% used [0x00000000ff500000,0x00000000ff500000,0x00000000ff700000)
 ParOldGen       total 86016K, used 9639K [0x0000000082800000, 0x0000000087c00000, 0x00000000d6300000)
  object space 86016K, 11% used [0x0000000082800000,0x0000000083169c70,0x0000000087c00000)
 Metaspace       used 6377K, capacity 6440K, committed 6784K, reserved 1056768K
  class space    used 773K, capacity 784K, committed 896K, reserved 1048576K
Event: 4.762 GC heap after
Heap after GC invocations=34 (full 0):
 PSYoungGen      total 673792K, used 493K [0x00000000d6300000, 0x0000000100000000, 0x0000000100000000)
  eden space 671744K, 0% used [0x00000000d6300000,0x00000000d6300000,0x00000000ff300000)
  from space 2048K, 24% used [0x00000000ff500000,0x00000000ff57b428,0x00000000ff700000)
  to   space 2048K, 0% used [0x00000000ff300000,0x00000000ff300000,0x00000000ff500000)
 ParOldGen       total 86016K, used 9919K [0x0000000082800000, 0x0000000087c00000, 0x00000000d6300000)
  object space 86016K, 11% used [0x0000000082800000,0x00000000831afc80,0x0000000087c00000)
 Metaspace       used 6377K, capacity 6440K, committed 6784K, reserved 1056768K
  class space    used 773K, capacity 784K, committed 896K, reserved 1048576K
}
Event: 4.867 GC heap before
{Heap before GC invocations=35 (full 0):
 PSYoungGen      total 673792K, used 671969K [0x00000000d6300000, 0x0000000100000000, 0x0000000100000000)
  eden space 671744K, 99% used [0x00000000d6300000,0x00000000ff2bd128,0x00000000ff300000)
  from space 2048K, 24% used [0x00000000ff500000,0x00000000ff57b428,0x00000000ff700000)
  to   space 2048K, 0% used [0x00000000ff300000,0x00000000ff300000,0x00000000ff500000)
 ParOldGen       total 86016K, used 9919K [0x0000000082800000, 0x0000000087c00000, 0x00000000d6300000)
  object space 86016K, 11% used [0x0000000082800000,0x00000000831afc80,0x0000000087c00000)
 Metaspace       used 6377K, capacity 6440K, committed 6784K, reserved 1056768K
  class space    used 773K, capacity 784K, committed 896K, reserved 1048576K
Event: 4.868 GC heap after
Heap after GC invocations=35 (full 0):
 PSYoungGen      total 640512K, used 422K [0x00000000d6300000, 0x00000000ff580000, 0x0000000100000000)
  eden space 640000K, 0% used [0x00000000d6300000,0x00000000d6300000,0x00000000fd400000)
  from space 512K, 82% used [0x00000000ff300000,0x00000000ff3699a8,0x00000000ff380000)
  to   space 2048K, 0% used [0x00000000ff380000,0x00000000ff380000,0x00000000ff580000)
 ParOldGen       total 86016K, used 9943K [0x0000000082800000, 0x0000000087c00000, 0x00000000d6300000)
  object space 86016K, 11% used [0x0000000082800000,0x00000000831b5c80,0x0000000087c00000)
 Metaspace       used 6377K, capacity 6440K, committed 6784K, reserved 1056768K
  class space    used 773K, capacity 784K, committed 896K, reserved 1048576K
}
Event: 4.997 GC heap before
{Heap before GC invocations=36 (full 0):
 PSYoungGen      total 640512K, used 640422K [0x00000000d6300000, 0x00000000ff580000, 0x0000000100000000)
  eden space 640000K, 100% used [0x00000000d6300000,0x00000000fd400000,0x00000000fd400000)
  from space 512K, 82% used [0x00000000ff300000,0x00000000ff3699a8,0x00000000ff380000)
  to   space 2048K, 0% used [0x00000000ff380000,0x00000000ff380000,0x00000000ff580000)
 ParOldGen       total 86016K, used 9943K [0x0000000082800000, 0x0000000087c00000, 0x00000000d6300000)
  object space 86016K, 11% used [0x0000000082800000,0x00000000831b5c80,0x0000000087c00000)
 Metaspace       used 6377K, capacity 6440K, committed 6784K, reserved 1056768K
  class space    used 773K, capacity 784K, committed 896K, reserved 1048576K
Event: 4.999 GC heap after
Heap after GC invocations=36 (full 0):
 PSYoungGen      total 672256K, used 760K [0x00000000d6300000, 0x0000000100000000, 0x0000000100000000)
  eden space 670208K, 0% used [0x00000000d6300000,0x00000000d6300000,0x00000000ff180000)
  from space 2048K, 37% used [0x00000000ff380000,0x00000000ff43e258,0x00000000ff580000)
  to   space 2048K, 0% used [0x00000000ff180000,0x00000000ff180000,0x00000000ff380000)
 ParOldGen       total 86016K, used 9943K [0x0000000082800000, 0x0000000087c00000, 0x00000000d6300000)
  object space 86016K, 11% used [0x0000000082800000,0x00000000831b5c80,0x0000000087c00000)
 Metaspace       used 6377K, capacity 6440K, committed 6784K, reserved 1056768K
  class space    used 773K, capacity 784K, committed 896K, reserved 1048576K
}
Event: 5.212 GC heap before
{Heap before GC invocations=37 (full 0):
 PSYoungGen      total 672256K, used 670957K [0x00000000d6300000, 0x0000000100000000, 0x0000000100000000)
  eden space 670208K, 99% used [0x00000000d6300000,0x00000000ff17d228,0x00000000ff180000)
  from space 2048K, 37% used [0x00000000ff380000,0x00000000ff43e258,0x00000000ff580000)
  to   space 2048K, 0% used [0x00000000ff180000,0x00000000ff180000,0x00000000ff380000)
 ParOldGen       total 86016K, used 9943K [0x0000000082800000, 0x0000000087c00000, 0x00000000d6300000)
  object space 86016K, 11% used [0x0000000082800000,0x00000000831b5c80,0x0000000087c00000)
 Metaspace       used 6377K, capacity 6440K, committed 6784K, reserved 1056768K
  class space    used 773K, capacity 784K, committed 896K, reserved 1048576K
Event: 5.214 GC heap after
Heap after GC invocations=37 (full 0):
 PSYoungGen      total 672256K, used 840K [0x00000000d6300000, 0x0000000100000000, 0x0000000100000000)
  eden space 670208K, 0% used [0x00000000d6300000,0x00000000d6300000,0x00000000ff180000)
  from space 2048K, 41% used [0x00000000ff180000,0x00000000ff252008,0x00000000ff380000)
  to   space 2048K, 0% used [0x00000000ffe00000,0x00000000ffe00000,0x0000000100000000)
 ParOldGen       total 86016K, used 10635K [0x0000000082800000, 0x0000000087c00000, 0x00000000d6300000)
  object space 86016K, 12% used [0x0000000082800000,0x0000000083262fd8,0x0000000087c00000)
 Metaspace       used 6377K, capacity 6440K, committed 6784K, reserved 1056768K
  class space    used 773K, capacity 784K, committed 896K, reserved 1048576K
}

