# JRE version: Java(TM) SE Runtime Environment (8.0_51-b16) (build 1.8.0_51-b16)
# Java VM: Java HotSpot(TM) 64-Bit Server VM (25.51-b03 mixed mode windows-amd64 compressed oops)
Heap:
 PSYoungGen      total 275456K, used 6160K [0x00000000d6300000, 0x00000000f1280000, 0x0000000100000000)
  eden space 272896K, 1% used [0x00000000d6300000,0x00000000d6854348,0x00000000e6d80000)
  from space 2560K, 27% used [0x00000000e6d80000,0x00000000e6e30000,0x00000000e7000000)
  to   space 2560K, 0% used [0x00000000f1000000,0x00000000f1000000,0x00000000f1280000)
 ParOldGen       total 86016K, used 1453K [0x0000000082800000, 0x0000000087c00000, 0x00000000d6300000)
  object space 86016K, 1% used [0x0000000082800000,0x000000008296b5a0,0x0000000087c00000)
 Metaspace       used 6598K, capacity 6728K, committed 7040K, reserved 1056768K
  class space    used 790K, capacity 816K, committed 896K, reserved 1048576K
GC Heap History (10 events):
Event: 2.842 GC heap before
{Heap before GC invocations=11 (full 0):
 PSYoungGen      total 109056K, used 106848K [0x00000000d6300000, 0x00000000dd000000, 0x0000000100000000)
  eden space 106496K, 100% used [0x00000000d6300000,0x00000000dcb00000,0x00000000dcb00000)
  from space 2560K, 13% used [0x00000000dcd80000,0x00000000dcdd8000,0x00000000dd000000)
  to   space 2560K, 0% used [0x00000000dcb00000,0x00000000dcb00000,0x00000000dcd80000)
 ParOldGen       total 86016K, used 1373K [0x0000000082800000, 0x0000000087c00000, 0x00000000d6300000)
  object space 86016K, 1% used [0x0000000082800000,0x00000000829575a0,0x0000000087c00000)
 Metaspace       used 6594K, capacity 6728K, committed 7040K, reserved 1056768K
  class space    used 790K, capacity 816K, committed 896K, reserved 1048576K
Event: 2.854 GC heap after
Heap after GC invocations=11 (full 0):
 PSYoungGen      total 109056K, used 448K [0x00000000d6300000, 0x00000000e0e80000, 0x0000000100000000)
  eden space 106496K, 0% used [0x00000000d6300000,0x00000000d6300000,0x00000000dcb00000)
  from space 2560K, 17% used [0x00000000dcb00000,0x00000000dcb70000,0x00000000dcd80000)
  to   space 2560K, 0% used [0x00000000e0c00000,0x00000000e0c00000,0x00000000e0e80000)
 ParOldGen       total 86016K, used 1389K [0x0000000082800000, 0x0000000087c00000, 0x00000000d6300000)
  object space 86016K, 1% used [0x0000000082800000,0x000000008295b5a0,0x0000000087c00000)
 Metaspace       used 6594K, capacity 6728K, committed 7040K, reserved 1056768K
  class space    used 790K, capacity 816K, committed 896K, reserved 1048576K
}
Event: 3.352 GC heap before
{Heap before GC invocations=12 (full 0):
 PSYoungGen      total 109056K, used 106944K [0x00000000d6300000, 0x00000000e0e80000, 0x0000000100000000)
  eden space 106496K, 100% used [0x00000000d6300000,0x00000000dcb00000,0x00000000dcb00000)
  from space 2560K, 17% used [0x00000000dcb00000,0x00000000dcb70000,0x00000000dcd80000)
  to   space 2560K, 0% used [0x00000000e0c00000,0x00000000e0c00000,0x00000000e0e80000)
 ParOldGen       total 86016K, used 1389K [0x0000000082800000, 0x0000000087c00000, 0x00000000d6300000)
  object space 86016K, 1% used [0x0000000082800000,0x000000008295b5a0,0x0000000087c00000)
 Metaspace       used 6594K, capacity 6728K, committed 7040K, reserved 1056768K
  class space    used 790K, capacity 816K, committed 896K, reserved 1048576K
Event: 3.354 GC heap after
Heap after GC invocations=12 (full 0):
 PSYoungGen      total 173056K, used 448K [0x00000000d6300000, 0x00000000e0e80000, 0x0000000100000000)
  eden space 170496K, 0% used [0x00000000d6300000,0x00000000d6300000,0x00000000e0980000)
  from space 2560K, 17% used [0x00000000e0c00000,0x00000000e0c70000,0x00000000e0e80000)
  to   space 2560K, 0% used [0x00000000e0980000,0x00000000e0980000,0x00000000e0c00000)
 ParOldGen       total 86016K, used 1405K [0x0000000082800000, 0x0000000087c00000, 0x00000000d6300000)
  object space 86016K, 1% used [0x0000000082800000,0x000000008295f5a0,0x0000000087c00000)
 Metaspace       used 6594K, capacity 6728K, committed 7040K, reserved 1056768K
  class space    used 790K, capacity 816K, committed 896K, reserved 1048576K
}
Event: 4.202 GC heap before
{Heap before GC invocations=13 (full 0):
 PSYoungGen      total 173056K, used 170944K [0x00000000d6300000, 0x00000000e0e80000, 0x0000000100000000)
  eden space 170496K, 100% used [0x00000000d6300000,0x00000000e0980000,0x00000000e0980000)
  from space 2560K, 17% used [0x00000000e0c00000,0x00000000e0c70000,0x00000000e0e80000)
  to   space 2560K, 0% used [0x00000000e0980000,0x00000000e0980000,0x00000000e0c00000)
 ParOldGen       total 86016K, used 1405K [0x0000000082800000, 0x0000000087c00000, 0x00000000d6300000)
  object space 86016K, 1% used [0x0000000082800000,0x000000008295f5a0,0x0000000087c00000)
 Metaspace       used 6594K, capacity 6728K, committed 7040K, reserved 1056768K
  class space    used 790K, capacity 816K, committed 896K, reserved 1048576K
Event: 4.205 GC heap after
Heap after GC invocations=13 (full 0):
 PSYoungGen      total 173056K, used 640K [0x00000000d6300000, 0x00000000e7280000, 0x0000000100000000)
  eden space 170496K, 0% used [0x00000000d6300000,0x00000000d6300000,0x00000000e0980000)
  from space 2560K, 25% used [0x00000000e0980000,0x00000000e0a20000,0x00000000e0c00000)
  to   space 2560K, 0% used [0x00000000e7000000,0x00000000e7000000,0x00000000e7280000)
 ParOldGen       total 86016K, used 1421K [0x0000000082800000, 0x0000000087c00000, 0x00000000d6300000)
  object space 86016K, 1% used [0x0000000082800000,0x00000000829635a0,0x0000000087c00000)
 Metaspace       used 6594K, capacity 6728K, committed 7040K, reserved 1056768K
  class space    used 790K, capacity 816K, committed 896K, reserved 1048576K
}
Event: 4.524 GC heap before
{Heap before GC invocations=14 (full 0):
 PSYoungGen      total 173056K, used 171136K [0x00000000d6300000, 0x00000000e7280000, 0x0000000100000000)
  eden space 170496K, 100% used [0x00000000d6300000,0x00000000e0980000,0x00000000e0980000)
  from space 2560K, 25% used [0x00000000e0980000,0x00000000e0a20000,0x00000000e0c00000)
  to   space 2560K, 0% used [0x00000000e7000000,0x00000000e7000000,0x00000000e7280000)
 ParOldGen       total 86016K, used 1421K [0x0000000082800000, 0x0000000087c00000, 0x00000000d6300000)
  object space 86016K, 1% used [0x0000000082800000,0x00000000829635a0,0x0000000087c00000)
 Metaspace       used 6594K, capacity 6728K, committed 7040K, reserved 1056768K
  class space    used 790K, capacity 816K, committed 896K, reserved 1048576K
Event: 4.531 GC heap after
Heap after GC invocations=14 (full 0):
 PSYoungGen      total 275456K, used 544K [0x00000000d6300000, 0x00000000e7280000, 0x0000000100000000)
  eden space 272896K, 0% used [0x00000000d6300000,0x00000000d6300000,0x00000000e6d80000)
  from space 2560K, 21% used [0x00000000e7000000,0x00000000e7088000,0x00000000e7280000)
  to   space 2560K, 0% used [0x00000000e6d80000,0x00000000e6d80000,0x00000000e7000000)
 ParOldGen       total 86016K, used 1437K [0x0000000082800000, 0x0000000087c00000, 0x00000000d6300000)
  object space 86016K, 1% used [0x0000000082800000,0x00000000829675a0,0x0000000087c00000)
 Metaspace       used 6594K, capacity 6728K, committed 7040K, reserved 1056768K
  class space    used 790K, capacity 816K, committed 896K, reserved 1048576K
}
Event: 5.087 GC heap before
{Heap before GC invocations=15 (full 0):
 PSYoungGen      total 275456K, used 273440K [0x00000000d6300000, 0x00000000e7280000, 0x0000000100000000)
  eden space 272896K, 100% used [0x00000000d6300000,0x00000000e6d80000,0x00000000e6d80000)
  from space 2560K, 21% used [0x00000000e7000000,0x00000000e7088000,0x00000000e7280000)
  to   space 2560K, 0% used [0x00000000e6d80000,0x00000000e6d80000,0x00000000e7000000)
 ParOldGen       total 86016K, used 1437K [0x0000000082800000, 0x0000000087c00000, 0x00000000d6300000)
  object space 86016K, 1% used [0x0000000082800000,0x00000000829675a0,0x0000000087c00000)
 Metaspace       used 6594K, capacity 6728K, committed 7040K, reserved 1056768K
  class space    used 790K, capacity 816K, committed 896K, reserved 1048576K
Event: 5.091 GC heap after
Heap after GC invocations=15 (full 0):
 PSYoungGen      total 275456K, used 704K [0x00000000d6300000, 0x00000000f1280000, 0x0000000100000000)
  eden space 272896K, 0% used [0x00000000d6300000,0x00000000d6300000,0x00000000e6d80000)
  from space 2560K, 27% used [0x00000000e6d80000,0x00000000e6e30000,0x00000000e7000000)
  to   space 2560K, 0% used [0x00000000f1000000,0x00000000f1000000,0x00000000f1280000)
 ParOldGen       total 86016K, used 1453K [0x0000000082800000, 0x0000000087c00000, 0x00000000d6300000)
  object space 86016K, 1% used [0x0000000082800000,0x000000008296b5a0,0x0000000087c00000)
 Metaspace       used 6594K, capacity 6728K, committed 7040K, reserved 1056768K
  class space    used 790K, capacity 816K, committed 896K, reserved 1048576K
}

