# JRE version: Java(TM) SE Runtime Environment (8.0_51-b16) (build 1.8.0_51-b16)
# Java VM: Java HotSpot(TM) 64-Bit Server VM (25.51-b03 mixed mode windows-amd64 compressed oops)
Heap:
 PSYoungGen      total 420864K, used 9101K [0x00000000d6300000, 0x00000000f0100000, 0x0000000100000000)
  eden space 418816K, 1% used [0x00000000d6300000,0x00000000d6b2b5c8,0x00000000efc00000)
  from space 2048K, 35% used [0x00000000eff00000,0x00000000effb8000,0x00000000f0100000)
  to   space 2560K, 0% used [0x00000000efc00000,0x00000000efc00000,0x00000000efe80000)
 ParOldGen       total 86016K, used 1372K [0x0000000082800000, 0x0000000087c00000, 0x00000000d6300000)
  object space 86016K, 1% used [0x0000000082800000,0x0000000082957368,0x0000000087c00000)
 Metaspace       used 6593K, capacity 6728K, committed 7040K, reserved 1056768K
  class space    used 790K, capacity 816K, committed 896K, reserved 1048576K
GC Heap History (10 events):
Event: 1.129 GC heap before
{Heap before GC invocations=6 (full 0):
 PSYoungGen      total 70656K, used 67072K [0x00000000d6300000, 0x00000000de800000, 0x0000000100000000)
  eden space 65536K, 100% used [0x00000000d6300000,0x00000000da300000,0x00000000da300000)
  from space 5120K, 30% used [0x00000000da300000,0x00000000da480020,0x00000000da800000)
  to   space 2560K, 0% used [0x00000000de580000,0x00000000de580000,0x00000000de800000)
 ParOldGen       total 86016K, used 104K [0x0000000082800000, 0x0000000087c00000, 0x00000000d6300000)
  object space 86016K, 0% used [0x0000000082800000,0x000000008281a010,0x0000000087c00000)
 Metaspace       used 6571K, capacity 6664K, committed 6784K, reserved 1056768K
  class space    used 790K, capacity 816K, committed 896K, reserved 1048576K
Event: 1.132 GC heap after
Heap after GC invocations=6 (full 0):
 PSYoungGen      total 133632K, used 1440K [0x00000000d6300000, 0x00000000de800000, 0x0000000100000000)
  eden space 131072K, 0% used [0x00000000d6300000,0x00000000d6300000,0x00000000de300000)
  from space 2560K, 56% used [0x00000000de580000,0x00000000de6e8020,0x00000000de800000)
  to   space 2560K, 0% used [0x00000000de300000,0x00000000de300000,0x00000000de580000)
 ParOldGen       total 86016K, used 112K [0x0000000082800000, 0x0000000087c00000, 0x00000000d6300000)
  object space 86016K, 0% used [0x0000000082800000,0x000000008281c010,0x0000000087c00000)
 Metaspace       used 6571K, capacity 6664K, committed 6784K, reserved 1056768K
  class space    used 790K, capacity 816K, committed 896K, reserved 1048576K
}
Event: 1.279 GC heap before
{Heap before GC invocations=7 (full 0):
 PSYoungGen      total 133632K, used 132512K [0x00000000d6300000, 0x00000000de800000, 0x0000000100000000)
  eden space 131072K, 100% used [0x00000000d6300000,0x00000000de300000,0x00000000de300000)
  from space 2560K, 56% used [0x00000000de580000,0x00000000de6e8020,0x00000000de800000)
  to   space 2560K, 0% used [0x00000000de300000,0x00000000de300000,0x00000000de580000)
 ParOldGen       total 86016K, used 112K [0x0000000082800000, 0x0000000087c00000, 0x00000000d6300000)
  object space 86016K, 0% used [0x0000000082800000,0x000000008281c010,0x0000000087c00000)
 Metaspace       used 6583K, capacity 6728K, committed 7040K, reserved 1056768K
  class space    used 790K, capacity 816K, committed 896K, reserved 1048576K
Event: 1.283 GC heap after
Heap after GC invocations=7 (full 0):
 PSYoungGen      total 133632K, used 384K [0x00000000d6300000, 0x00000000e6800000, 0x0000000100000000)
  eden space 131072K, 0% used [0x00000000d6300000,0x00000000d6300000,0x00000000de300000)
  from space 2560K, 15% used [0x00000000de300000,0x00000000de360000,0x00000000de580000)
  to   space 2560K, 0% used [0x00000000e6580000,0x00000000e6580000,0x00000000e6800000)
 ParOldGen       total 86016K, used 1324K [0x0000000082800000, 0x0000000087c00000, 0x00000000d6300000)
  object space 86016K, 1% used [0x0000000082800000,0x000000008294b368,0x0000000087c00000)
 Metaspace       used 6583K, capacity 6728K, committed 7040K, reserved 1056768K
  class space    used 790K, capacity 816K, committed 896K, reserved 1048576K
}
Event: 1.389 GC heap before
{Heap before GC invocations=8 (full 0):
 PSYoungGen      total 133632K, used 131456K [0x00000000d6300000, 0x00000000e6800000, 0x0000000100000000)
  eden space 131072K, 100% used [0x00000000d6300000,0x00000000de300000,0x00000000de300000)
  from space 2560K, 15% used [0x00000000de300000,0x00000000de360000,0x00000000de580000)
  to   space 2560K, 0% used [0x00000000e6580000,0x00000000e6580000,0x00000000e6800000)
 ParOldGen       total 86016K, used 1324K [0x0000000082800000, 0x0000000087c00000, 0x00000000d6300000)
  object space 86016K, 1% used [0x0000000082800000,0x000000008294b368,0x0000000087c00000)
 Metaspace       used 6584K, capacity 6728K, committed 7040K, reserved 1056768K
  class space    used 790K, capacity 816K, committed 896K, reserved 1048576K
Event: 1.390 GC heap after
Heap after GC invocations=8 (full 0):
 PSYoungGen      total 264192K, used 352K [0x00000000d6300000, 0x00000000e6900000, 0x0000000100000000)
  eden space 261632K, 0% used [0x00000000d6300000,0x00000000d6300000,0x00000000e6280000)
  from space 2560K, 13% used [0x00000000e6580000,0x00000000e65d8000,0x00000000e6800000)
  to   space 3072K, 0% used [0x00000000e6280000,0x00000000e6280000,0x00000000e6580000)
 ParOldGen       total 86016K, used 1340K [0x0000000082800000, 0x0000000087c00000, 0x00000000d6300000)
  object space 86016K, 1% used [0x0000000082800000,0x000000008294f368,0x0000000087c00000)
 Metaspace       used 6584K, capacity 6728K, committed 7040K, reserved 1056768K
  class space    used 790K, capacity 816K, committed 896K, reserved 1048576K
}
Event: 1.622 GC heap before
{Heap before GC invocations=9 (full 0):
 PSYoungGen      total 264192K, used 261984K [0x00000000d6300000, 0x00000000e6900000, 0x0000000100000000)
  eden space 261632K, 100% used [0x00000000d6300000,0x00000000e6280000,0x00000000e6280000)
  from space 2560K, 13% used [0x00000000e6580000,0x00000000e65d8000,0x00000000e6800000)
  to   space 3072K, 0% used [0x00000000e6280000,0x00000000e6280000,0x00000000e6580000)
 ParOldGen       total 86016K, used 1340K [0x0000000082800000, 0x0000000087c00000, 0x00000000d6300000)
  object space 86016K, 1% used [0x0000000082800000,0x000000008294f368,0x0000000087c00000)
 Metaspace       used 6592K, capacity 6728K, committed 7040K, reserved 1056768K
  class space    used 790K, capacity 816K, committed 896K, reserved 1048576K
Event: 1.624 GC heap after
Heap after GC invocations=9 (full 0):
 PSYoungGen      total 264704K, used 608K [0x00000000d6300000, 0x00000000f0200000, 0x0000000100000000)
  eden space 261632K, 0% used [0x00000000d6300000,0x00000000d6300000,0x00000000e6280000)
  from space 3072K, 19% used [0x00000000e6280000,0x00000000e6318000,0x00000000e6580000)
  to   space 3072K, 0% used [0x00000000eff00000,0x00000000eff00000,0x00000000f0200000)
 ParOldGen       total 86016K, used 1364K [0x0000000082800000, 0x0000000087c00000, 0x00000000d6300000)
  object space 86016K, 1% used [0x0000000082800000,0x0000000082955368,0x0000000087c00000)
 Metaspace       used 6592K, capacity 6728K, committed 7040K, reserved 1056768K
  class space    used 790K, capacity 816K, committed 896K, reserved 1048576K
}
Event: 2.018 GC heap before
{Heap before GC invocations=10 (full 0):
 PSYoungGen      total 264704K, used 262240K [0x00000000d6300000, 0x00000000f0200000, 0x0000000100000000)
  eden space 261632K, 100% used [0x00000000d6300000,0x00000000e6280000,0x00000000e6280000)
  from space 3072K, 19% used [0x00000000e6280000,0x00000000e6318000,0x00000000e6580000)
  to   space 3072K, 0% used [0x00000000eff00000,0x00000000eff00000,0x00000000f0200000)
 ParOldGen       total 86016K, used 1364K [0x0000000082800000, 0x0000000087c00000, 0x00000000d6300000)
  object space 86016K, 1% used [0x0000000082800000,0x0000000082955368,0x0000000087c00000)
 Metaspace       used 6593K, capacity 6728K, committed 7040K, reserved 1056768K
  class space    used 790K, capacity 816K, committed 896K, reserved 1048576K
Event: 2.022 GC heap after
Heap after GC invocations=10 (full 0):
 PSYoungGen      total 420864K, used 736K [0x00000000d6300000, 0x00000000f0100000, 0x0000000100000000)
  eden space 418816K, 0% used [0x00000000d6300000,0x00000000d6300000,0x00000000efc00000)
  from space 2048K, 35% used [0x00000000eff00000,0x00000000effb8000,0x00000000f0100000)
  to   space 2560K, 0% used [0x00000000efc00000,0x00000000efc00000,0x00000000efe80000)
 ParOldGen       total 86016K, used 1372K [0x0000000082800000, 0x0000000087c00000, 0x00000000d6300000)
  object space 86016K, 1% used [0x0000000082800000,0x0000000082957368,0x0000000087c00000)
 Metaspace       used 6593K, capacity 6728K, committed 7040K, reserved 1056768K
  class space    used 790K, capacity 816K, committed 896K, reserved 1048576K
}

