# JRE version: Java(TM) SE Runtime Environment (8.0_51-b16) (build 1.8.0_51-b16)
# Java VM: Java HotSpot(TM) 64-Bit Server VM (25.51-b03 mixed mode windows-amd64 compressed oops)
Heap:
 PSYoungGen      total 37888K, used 2030K [0x00000000d6300000, 0x00000000da800000, 0x0000000100000000)
  eden space 32768K, 1% used [0x00000000d6300000,0x00000000d63a3870,0x00000000d8300000)
  from space 5120K, 26% used [0x00000000d8300000,0x00000000d8458000,0x00000000d8800000)
  to   space 2560K, 0% used [0x00000000da580000,0x00000000da580000,0x00000000da800000)
 ParOldGen       total 86016K, used 104K [0x0000000082800000, 0x0000000087c00000, 0x00000000d6300000)
  object space 86016K, 0% used [0x0000000082800000,0x000000008281a010,0x0000000087c00000)
 Metaspace       used 6402K, capacity 6504K, committed 6784K, reserved 1056768K
  class space    used 765K, capacity 784K, committed 896K, reserved 1048576K
GC Heap History (10 events):
Event: 0.818 GC heap before
{Heap before GC invocations=1 (full 0):
 PSYoungGen      total 37888K, used 32768K [0x00000000d6300000, 0x00000000d8d00000, 0x0000000100000000)
  eden space 32768K, 100% used [0x00000000d6300000,0x00000000d8300000,0x00000000d8300000)
  from space 5120K, 0% used [0x00000000d8800000,0x00000000d8800000,0x00000000d8d00000)
  to   space 5120K, 0% used [0x00000000d8300000,0x00000000d8300000,0x00000000d8800000)
 ParOldGen       total 86016K, used 0K [0x0000000082800000, 0x0000000087c00000, 0x00000000d6300000)
  object space 86016K, 0% used [0x0000000082800000,0x0000000082800000,0x0000000087c00000)
 Metaspace       used 6300K, capacity 6376K, committed 6528K, reserved 1056768K
  class space    used 765K, capacity 784K, committed 896K, reserved 1048576K
Event: 0.822 GC heap after
Heap after GC invocations=1 (full 0):
 PSYoungGen      total 37888K, used 2259K [0x00000000d6300000, 0x00000000d8d00000, 0x0000000100000000)
  eden space 32768K, 0% used [0x00000000d6300000,0x00000000d6300000,0x00000000d8300000)
  from space 5120K, 44% used [0x00000000d8300000,0x00000000d8534d90,0x00000000d8800000)
  to   space 5120K, 0% used [0x00000000d8800000,0x00000000d8800000,0x00000000d8d00000)
 ParOldGen       total 86016K, used 72K [0x0000000082800000, 0x0000000087c00000, 0x00000000d6300000)
  object space 86016K, 0% used [0x0000000082800000,0x0000000082812010,0x0000000087c00000)
 Metaspace       used 6300K, capacity 6376K, committed 6528K, reserved 1056768K
  class space    used 765K, capacity 784K, committed 896K, reserved 1048576K
}
Event: 0.984 GC heap before
{Heap before GC invocations=2 (full 0):
 PSYoungGen      total 37888K, used 35027K [0x00000000d6300000, 0x00000000d8d00000, 0x0000000100000000)
  eden space 32768K, 100% used [0x00000000d6300000,0x00000000d8300000,0x00000000d8300000)
  from space 5120K, 44% used [0x00000000d8300000,0x00000000d8534d90,0x00000000d8800000)
  to   space 5120K, 0% used [0x00000000d8800000,0x00000000d8800000,0x00000000d8d00000)
 ParOldGen       total 86016K, used 72K [0x0000000082800000, 0x0000000087c00000, 0x00000000d6300000)
  object space 86016K, 0% used [0x0000000082800000,0x0000000082812010,0x0000000087c00000)
 Metaspace       used 6365K, capacity 6440K, committed 6784K, reserved 1056768K
  class space    used 765K, capacity 784K, committed 896K, reserved 1048576K
Event: 0.987 GC heap after
Heap after GC invocations=2 (full 0):
 PSYoungGen      total 37888K, used 1408K [0x00000000d6300000, 0x00000000d8d00000, 0x0000000100000000)
  eden space 32768K, 0% used [0x00000000d6300000,0x00000000d6300000,0x00000000d8300000)
  from space 5120K, 27% used [0x00000000d8800000,0x00000000d8960020,0x00000000d8d00000)
  to   space 5120K, 0% used [0x00000000d8300000,0x00000000d8300000,0x00000000d8800000)
 ParOldGen       total 86016K, used 80K [0x0000000082800000, 0x0000000087c00000, 0x00000000d6300000)
  object space 86016K, 0% used [0x0000000082800000,0x0000000082814010,0x0000000087c00000)
 Metaspace       used 6365K, capacity 6440K, committed 6784K, reserved 1056768K
  class space    used 765K, capacity 784K, committed 896K, reserved 1048576K
}
Event: 1.130 GC heap before
{Heap before GC invocations=3 (full 0):
 PSYoungGen      total 37888K, used 34176K [0x00000000d6300000, 0x00000000d8d00000, 0x0000000100000000)
  eden space 32768K, 100% used [0x00000000d6300000,0x00000000d8300000,0x00000000d8300000)
  from space 5120K, 27% used [0x00000000d8800000,0x00000000d8960020,0x00000000d8d00000)
  to   space 5120K, 0% used [0x00000000d8300000,0x00000000d8300000,0x00000000d8800000)
 ParOldGen       total 86016K, used 80K [0x0000000082800000, 0x0000000087c00000, 0x00000000d6300000)
  object space 86016K, 0% used [0x0000000082800000,0x0000000082814010,0x0000000087c00000)
 Metaspace       used 6376K, capacity 6440K, committed 6784K, reserved 1056768K
  class space    used 765K, capacity 784K, committed 896K, reserved 1048576K
Event: 1.132 GC heap after
Heap after GC invocations=3 (full 0):
 PSYoungGen      total 37888K, used 1408K [0x00000000d6300000, 0x00000000d8d00000, 0x0000000100000000)
  eden space 32768K, 0% used [0x00000000d6300000,0x00000000d6300000,0x00000000d8300000)
  from space 5120K, 27% used [0x00000000d8300000,0x00000000d8460020,0x00000000d8800000)
  to   space 5120K, 0% used [0x00000000d8800000,0x00000000d8800000,0x00000000d8d00000)
 ParOldGen       total 86016K, used 88K [0x0000000082800000, 0x0000000087c00000, 0x00000000d6300000)
  object space 86016K, 0% used [0x0000000082800000,0x0000000082816010,0x0000000087c00000)
 Metaspace       used 6376K, capacity 6440K, committed 6784K, reserved 1056768K
  class space    used 765K, capacity 784K, committed 896K, reserved 1048576K
}
Event: 1.283 GC heap before
{Heap before GC invocations=4 (full 0):
 PSYoungGen      total 37888K, used 34176K [0x00000000d6300000, 0x00000000d8d00000, 0x0000000100000000)
  eden space 32768K, 100% used [0x00000000d6300000,0x00000000d8300000,0x00000000d8300000)
  from space 5120K, 27% used [0x00000000d8300000,0x00000000d8460020,0x00000000d8800000)
  to   space 5120K, 0% used [0x00000000d8800000,0x00000000d8800000,0x00000000d8d00000)
 ParOldGen       total 86016K, used 88K [0x0000000082800000, 0x0000000087c00000, 0x00000000d6300000)
  object space 86016K, 0% used [0x0000000082800000,0x0000000082816010,0x0000000087c00000)
 Metaspace       used 6391K, capacity 6504K, committed 6784K, reserved 1056768K
  class space    used 765K, capacity 784K, committed 896K, reserved 1048576K
Event: 1.285 GC heap after
Heap after GC invocations=4 (full 0):
 PSYoungGen      total 37888K, used 1440K [0x00000000d6300000, 0x00000000d8d00000, 0x0000000100000000)
  eden space 32768K, 0% used [0x00000000d6300000,0x00000000d6300000,0x00000000d8300000)
  from space 5120K, 28% used [0x00000000d8800000,0x00000000d8968020,0x00000000d8d00000)
  to   space 5120K, 0% used [0x00000000d8300000,0x00000000d8300000,0x00000000d8800000)
 ParOldGen       total 86016K, used 96K [0x0000000082800000, 0x0000000087c00000, 0x00000000d6300000)
  object space 86016K, 0% used [0x0000000082800000,0x0000000082818010,0x0000000087c00000)
 Metaspace       used 6391K, capacity 6504K, committed 6784K, reserved 1056768K
  class space    used 765K, capacity 784K, committed 896K, reserved 1048576K
}
Event: 1.525 GC heap before
{Heap before GC invocations=5 (full 0):
 PSYoungGen      total 37888K, used 34208K [0x00000000d6300000, 0x00000000d8d00000, 0x0000000100000000)
  eden space 32768K, 100% used [0x00000000d6300000,0x00000000d8300000,0x00000000d8300000)
  from space 5120K, 28% used [0x00000000d8800000,0x00000000d8968020,0x00000000d8d00000)
  to   space 5120K, 0% used [0x00000000d8300000,0x00000000d8300000,0x00000000d8800000)
 ParOldGen       total 86016K, used 96K [0x0000000082800000, 0x0000000087c00000, 0x00000000d6300000)
  object space 86016K, 0% used [0x0000000082800000,0x0000000082818010,0x0000000087c00000)
 Metaspace       used 6402K, capacity 6504K, committed 6784K, reserved 1056768K
  class space    used 765K, capacity 784K, committed 896K, reserved 1048576K
Event: 1.531 GC heap after
Heap after GC invocations=5 (full 0):
 PSYoungGen      total 37888K, used 1376K [0x00000000d6300000, 0x00000000da800000, 0x0000000100000000)
  eden space 32768K, 0% used [0x00000000d6300000,0x00000000d6300000,0x00000000d8300000)
  from space 5120K, 26% used [0x00000000d8300000,0x00000000d8458000,0x00000000d8800000)
  to   space 2560K, 0% used [0x00000000da580000,0x00000000da580000,0x00000000da800000)
 ParOldGen       total 86016K, used 104K [0x0000000082800000, 0x0000000087c00000, 0x00000000d6300000)
  object space 86016K, 0% used [0x0000000082800000,0x000000008281a010,0x0000000087c00000)
 Metaspace       used 6402K, capacity 6504K, committed 6784K, reserved 1056768K
  class space    used 765K, capacity 784K, committed 896K, reserved 1048576K
}

