# JRE version: Java(TM) SE Runtime Environment (8.0_51-b16) (build 1.8.0_51-b16)
# Java VM: Java HotSpot(TM) 64-Bit Server VM (25.51-b03 mixed mode windows-amd64 compressed oops)
Heap:
 PSYoungGen      total 422400K, used 9516K [0x00000000d6300000, 0x00000000ff800000, 0x0000000100000000)
  eden space 419840K, 1% used [0x00000000d6300000,0x00000000d6b33198,0x00000000efd00000)
  from space 2560K, 43% used [0x00000000efd00000,0x00000000efe18000,0x00000000eff80000)
  to   space 2560K, 0% used [0x00000000ff580000,0x00000000ff580000,0x00000000ff800000)
 ParOldGen       total 86016K, used 1289K [0x0000000082800000, 0x0000000087c00000, 0x00000000d6300000)
  object space 86016K, 1% used [0x0000000082800000,0x00000000829426d0,0x0000000087c00000)
 Metaspace       used 6381K, capacity 6440K, committed 6784K, reserved 1056768K
  class space    used 773K, capacity 784K, committed 896K, reserved 1048576K
GC Heap History (10 events):
Event: 0.969 GC heap before
{Heap before GC invocations=7 (full 0):
 PSYoungGen      total 133632K, used 132416K [0x00000000d6300000, 0x00000000de800000, 0x0000000100000000)
  eden space 131072K, 100% used [0x00000000d6300000,0x00000000de300000,0x00000000de300000)
  from space 2560K, 52% used [0x00000000de580000,0x00000000de6d0000,0x00000000de800000)
  to   space 2560K, 0% used [0x00000000de300000,0x00000000de300000,0x00000000de580000)
 ParOldGen       total 86016K, used 96K [0x0000000082800000, 0x0000000087c00000, 0x00000000d6300000)
  object space 86016K, 0% used [0x0000000082800000,0x0000000082818010,0x0000000087c00000)
 Metaspace       used 6373K, capacity 6440K, committed 6784K, reserved 1056768K
  class space    used 773K, capacity 784K, committed 896K, reserved 1048576K
Event: 0.972 GC heap after
Heap after GC invocations=7 (full 0):
 PSYoungGen      total 133632K, used 416K [0x00000000d6300000, 0x00000000e6800000, 0x0000000100000000)
  eden space 131072K, 0% used [0x00000000d6300000,0x00000000d6300000,0x00000000de300000)
  from space 2560K, 16% used [0x00000000de300000,0x00000000de368000,0x00000000de580000)
  to   space 2560K, 0% used [0x00000000e6580000,0x00000000e6580000,0x00000000e6800000)
 ParOldGen       total 86016K, used 1217K [0x0000000082800000, 0x0000000087c00000, 0x00000000d6300000)
  object space 86016K, 1% used [0x0000000082800000,0x00000000829306d0,0x0000000087c00000)
 Metaspace       used 6373K, capacity 6440K, committed 6784K, reserved 1056768K
  class space    used 773K, capacity 784K, committed 896K, reserved 1048576K
}
Event: 1.101 GC heap before
{Heap before GC invocations=8 (full 0):
 PSYoungGen      total 133632K, used 131488K [0x00000000d6300000, 0x00000000e6800000, 0x0000000100000000)
  eden space 131072K, 100% used [0x00000000d6300000,0x00000000de300000,0x00000000de300000)
  from space 2560K, 16% used [0x00000000de300000,0x00000000de368000,0x00000000de580000)
  to   space 2560K, 0% used [0x00000000e6580000,0x00000000e6580000,0x00000000e6800000)
 ParOldGen       total 86016K, used 1217K [0x0000000082800000, 0x0000000087c00000, 0x00000000d6300000)
  object space 86016K, 1% used [0x0000000082800000,0x00000000829306d0,0x0000000087c00000)
 Metaspace       used 6375K, capacity 6440K, committed 6784K, reserved 1056768K
  class space    used 773K, capacity 784K, committed 896K, reserved 1048576K
Event: 1.103 GC heap after
Heap after GC invocations=8 (full 0):
 PSYoungGen      total 264704K, used 416K [0x00000000d6300000, 0x00000000e6800000, 0x0000000100000000)
  eden space 262144K, 0% used [0x00000000d6300000,0x00000000d6300000,0x00000000e6300000)
  from space 2560K, 16% used [0x00000000e6580000,0x00000000e65e8000,0x00000000e6800000)
  to   space 2560K, 0% used [0x00000000e6300000,0x00000000e6300000,0x00000000e6580000)
 ParOldGen       total 86016K, used 1241K [0x0000000082800000, 0x0000000087c00000, 0x00000000d6300000)
  object space 86016K, 1% used [0x0000000082800000,0x00000000829366d0,0x0000000087c00000)
 Metaspace       used 6375K, capacity 6440K, committed 6784K, reserved 1056768K
  class space    used 773K, capacity 784K, committed 896K, reserved 1048576K
}
Event: 1.446 GC heap before
{Heap before GC invocations=9 (full 0):
 PSYoungGen      total 264704K, used 262560K [0x00000000d6300000, 0x00000000e6800000, 0x0000000100000000)
  eden space 262144K, 100% used [0x00000000d6300000,0x00000000e6300000,0x00000000e6300000)
  from space 2560K, 16% used [0x00000000e6580000,0x00000000e65e8000,0x00000000e6800000)
  to   space 2560K, 0% used [0x00000000e6300000,0x00000000e6300000,0x00000000e6580000)
 ParOldGen       total 86016K, used 1241K [0x0000000082800000, 0x0000000087c00000, 0x00000000d6300000)
  object space 86016K, 1% used [0x0000000082800000,0x00000000829366d0,0x0000000087c00000)
 Metaspace       used 6381K, capacity 6440K, committed 6784K, reserved 1056768K
  class space    used 773K, capacity 784K, committed 896K, reserved 1048576K
Event: 1.449 GC heap after
Heap after GC invocations=9 (full 0):
 PSYoungGen      total 264704K, used 768K [0x00000000d6300000, 0x00000000f0200000, 0x0000000100000000)
  eden space 262144K, 0% used [0x00000000d6300000,0x00000000d6300000,0x00000000e6300000)
  from space 2560K, 30% used [0x00000000e6300000,0x00000000e63c0000,0x00000000e6580000)
  to   space 2560K, 0% used [0x00000000eff80000,0x00000000eff80000,0x00000000f0200000)
 ParOldGen       total 86016K, used 1257K [0x0000000082800000, 0x0000000087c00000, 0x00000000d6300000)
  object space 86016K, 1% used [0x0000000082800000,0x000000008293a6d0,0x0000000087c00000)
 Metaspace       used 6381K, capacity 6440K, committed 6784K, reserved 1056768K
  class space    used 773K, capacity 784K, committed 896K, reserved 1048576K
}
Event: 1.759 GC heap before
{Heap before GC invocations=10 (full 0):
 PSYoungGen      total 264704K, used 262912K [0x00000000d6300000, 0x00000000f0200000, 0x0000000100000000)
  eden space 262144K, 100% used [0x00000000d6300000,0x00000000e6300000,0x00000000e6300000)
  from space 2560K, 30% used [0x00000000e6300000,0x00000000e63c0000,0x00000000e6580000)
  to   space 2560K, 0% used [0x00000000eff80000,0x00000000eff80000,0x00000000f0200000)
 ParOldGen       total 86016K, used 1257K [0x0000000082800000, 0x0000000087c00000, 0x00000000d6300000)
  object space 86016K, 1% used [0x0000000082800000,0x000000008293a6d0,0x0000000087c00000)
 Metaspace       used 6381K, capacity 6440K, committed 6784K, reserved 1056768K
  class space    used 773K, capacity 784K, committed 896K, reserved 1048576K
Event: 1.761 GC heap after
Heap after GC invocations=10 (full 0):
 PSYoungGen      total 422400K, used 768K [0x00000000d6300000, 0x00000000f0200000, 0x0000000100000000)
  eden space 419840K, 0% used [0x00000000d6300000,0x00000000d6300000,0x00000000efd00000)
  from space 2560K, 30% used [0x00000000eff80000,0x00000000f0040000,0x00000000f0200000)
  to   space 2560K, 0% used [0x00000000efd00000,0x00000000efd00000,0x00000000eff80000)
 ParOldGen       total 86016K, used 1273K [0x0000000082800000, 0x0000000087c00000, 0x00000000d6300000)
  object space 86016K, 1% used [0x0000000082800000,0x000000008293e6d0,0x0000000087c00000)
 Metaspace       used 6381K, capacity 6440K, committed 6784K, reserved 1056768K
  class space    used 773K, capacity 784K, committed 896K, reserved 1048576K
}
Event: 2.266 GC heap before
{Heap before GC invocations=11 (full 0):
 PSYoungGen      total 422400K, used 420608K [0x00000000d6300000, 0x00000000f0200000, 0x0000000100000000)
  eden space 419840K, 100% used [0x00000000d6300000,0x00000000efd00000,0x00000000efd00000)
  from space 2560K, 30% used [0x00000000eff80000,0x00000000f0040000,0x00000000f0200000)
  to   space 2560K, 0% used [0x00000000efd00000,0x00000000efd00000,0x00000000eff80000)
 ParOldGen       total 86016K, used 1273K [0x0000000082800000, 0x0000000087c00000, 0x00000000d6300000)
  object space 86016K, 1% used [0x0000000082800000,0x000000008293e6d0,0x0000000087c00000)
 Metaspace       used 6381K, capacity 6440K, committed 6784K, reserved 1056768K
  class space    used 773K, capacity 784K, committed 896K, reserved 1048576K
Event: 2.272 GC heap after
Heap after GC invocations=11 (full 0):
 PSYoungGen      total 422400K, used 1120K [0x00000000d6300000, 0x00000000ff800000, 0x0000000100000000)
  eden space 419840K, 0% used [0x00000000d6300000,0x00000000d6300000,0x00000000efd00000)
  from space 2560K, 43% used [0x00000000efd00000,0x00000000efe18000,0x00000000eff80000)
  to   space 2560K, 0% used [0x00000000ff580000,0x00000000ff580000,0x00000000ff800000)
 ParOldGen       total 86016K, used 1289K [0x0000000082800000, 0x0000000087c00000, 0x00000000d6300000)
  object space 86016K, 1% used [0x0000000082800000,0x00000000829426d0,0x0000000087c00000)
 Metaspace       used 6381K, capacity 6440K, committed 6784K, reserved 1056768K
  class space    used 773K, capacity 784K, committed 896K, reserved 1048576K
}

